Determining if the pthread_create exist failed with the following output:
Change Dir: /home/yfyzwr/yfy/git_dir/cpp_utility/cmake-build-debug/CMakeFiles/CMakeTmp

Run Build Command:"/usr/bin/make" "cmTC_da244/fast"
make[1]: 正在进入目录 `/home/yfyzwr/yfy/git_dir/cpp_utility/cmake-build-debug/CMakeFiles/CMakeTmp'
/usr/bin/make -f CMakeFiles/cmTC_da244.dir/build.make CMakeFiles/cmTC_da244.dir/build
make[2]: 正在进入目录 `/home/yfyzwr/yfy/git_dir/cpp_utility/cmake-build-debug/CMakeFiles/CMakeTmp'
Building C object CMakeFiles/cmTC_da244.dir/CheckSymbolExists.c.o
/usr/bin/cc    -o CMakeFiles/cmTC_da244.dir/CheckSymbolExists.c.o   -c /home/yfyzwr/yfy/git_dir/cpp_utility/cmake-build-debug/CMakeFiles/CMakeTmp/CheckSymbolExists.c
Linking C executable cmTC_da244
/home/yfyzwr/yfy/install_pkg/cmake-3.8.1/bin/cmake -E cmake_link_script CMakeFiles/cmTC_da244.dir/link.txt --verbose=1
/usr/bin/cc      CMakeFiles/cmTC_da244.dir/CheckSymbolExists.c.o  -o cmTC_da244 
CMakeFiles/cmTC_da244.dir/CheckSymbolExists.c.o：在函数‘main’中：
CheckSymbolExists.c:(.text+0xa)：对‘pthread_create’未定义的引用
collect2: error: ld returned 1 exit status
make[2]: *** [cmTC_da244] 错误 1
make[2]:正在离开目录 `/home/yfyzwr/yfy/git_dir/cpp_utility/cmake-build-debug/CMakeFiles/CMakeTmp'
make[1]: *** [cmTC_da244/fast] 错误 2
make[1]:正在离开目录 `/home/yfyzwr/yfy/git_dir/cpp_utility/cmake-build-debug/CMakeFiles/CMakeTmp'

File /home/yfyzwr/yfy/git_dir/cpp_utility/cmake-build-debug/CMakeFiles/CMakeTmp/CheckSymbolExists.c:
/* */
#include <pthread.h>

int main(int argc, char** argv)
{
  (void)argv;
#ifndef pthread_create
  return ((int*)(&pthread_create))[argc];
#else
  (void)argc;
  return 0;
#endif
}

Determining if the function pthread_create exists in the pthreads failed with the following output:
Change Dir: /home/yfyzwr/yfy/git_dir/cpp_utility/cmake-build-debug/CMakeFiles/CMakeTmp

Run Build Command:"/usr/bin/make" "cmTC_83e11/fast"
make[1]: 正在进入目录 `/home/yfyzwr/yfy/git_dir/cpp_utility/cmake-build-debug/CMakeFiles/CMakeTmp'
/usr/bin/make -f CMakeFiles/cmTC_83e11.dir/build.make CMakeFiles/cmTC_83e11.dir/build
make[2]: 正在进入目录 `/home/yfyzwr/yfy/git_dir/cpp_utility/cmake-build-debug/CMakeFiles/CMakeTmp'
Building C object CMakeFiles/cmTC_83e11.dir/CheckFunctionExists.c.o
/usr/bin/cc   -DCHECK_FUNCTION_EXISTS=pthread_create   -o CMakeFiles/cmTC_83e11.dir/CheckFunctionExists.c.o   -c /home/yfyzwr/yfy/install_pkg/cmake-3.8.1/Modules/CheckFunctionExists.c
Linking C executable cmTC_83e11
/home/yfyzwr/yfy/install_pkg/cmake-3.8.1/bin/cmake -E cmake_link_script CMakeFiles/cmTC_83e11.dir/link.txt --verbose=1
/usr/bin/cc  -DCHECK_FUNCTION_EXISTS=pthread_create    CMakeFiles/cmTC_83e11.dir/CheckFunctionExists.c.o  -o cmTC_83e11 -lpthreads 
/usr/bin/ld: 找不到 -lpthreads
collect2: error: ld returned 1 exit status
make[2]: *** [cmTC_83e11] 错误 1
make[2]:正在离开目录 `/home/yfyzwr/yfy/git_dir/cpp_utility/cmake-build-debug/CMakeFiles/CMakeTmp'
make[1]: *** [cmTC_83e11/fast] 错误 2
make[1]:正在离开目录 `/home/yfyzwr/yfy/git_dir/cpp_utility/cmake-build-debug/CMakeFiles/CMakeTmp'


